Using pre-set license
Built from '2020.3/staging' branch; Version is '2020.3.40f1 (ba48d4efcef1) revision 12208340'; Using compiler version '192528614'; Build Type 'Release'
OS: 'Windows 10  (10.0.19045) 64bit Professional' Language: 'tr' Physical Memory: 16344 MB
BatchMode: 1, IsHumanControllingUs: 0, StartBugReporterOnCrash: 0, Is64bit: 1, IsPro: 0

COMMAND LINE ARGUMENTS:
C:\Program Files\Unity\Hub\Editor\2020.3.40f1\Editor\Unity.exe
-adb2
-batchMode
-noUpm
-name
AssetImportWorker0
-projectPath
D:/Game Projects/Collect Cubes/Collect Cubes
-logFile
Logs/AssetImportWorker0.log
-srvPort
62999
Successfully changed project path to: D:/Game Projects/Collect Cubes/Collect Cubes
D:/Game Projects/Collect Cubes/Collect Cubes
Using Asset Import Pipeline V2.
Refreshing native plugins compatible for Editor in 29.49 ms, found 2 plugins.
Preloading 0 native plugins for Editor in 0.00 ms.
Initialize engine version: 2020.3.40f1 (ba48d4efcef1)
[Subsystems] Discovering subsystems at path C:/Program Files/Unity/Hub/Editor/2020.3.40f1/Editor/Data/Resources/UnitySubsystems
[Subsystems] Discovering subsystems at path D:/Game Projects/Collect Cubes/Collect Cubes/Assets
GfxDevice: creating device client; threaded=0
Direct3D:
    Version:  Direct3D 11.0 [level 11.1]
    Renderer: NVIDIA GeForce GTX 1080 (ID=0x1b80)
    Vendor:   
    VRAM:     8079 MB
    Driver:   31.0.15.1694
Initialize mono
Mono path[0] = 'C:/Program Files/Unity/Hub/Editor/2020.3.40f1/Editor/Data/Managed'
Mono path[1] = 'C:/Program Files/Unity/Hub/Editor/2020.3.40f1/Editor/Data/MonoBleedingEdge/lib/mono/unityjit'
Mono config path = 'C:/Program Files/Unity/Hub/Editor/2020.3.40f1/Editor/Data/MonoBleedingEdge/etc'
Using monoOptions --debugger-agent=transport=dt_socket,embedding=1,server=y,suspend=n,address=127.0.0.1:56920
Begin MonoManager ReloadAssembly
Registering precompiled unity dll's ...
Register platform support module: C:/Program Files/Unity/Hub/Editor/2020.3.40f1/Editor/Data/PlaybackEngines/WindowsStandaloneSupport/UnityEditor.WindowsStandalone.Extensions.dll
Registered in 0.003089 seconds.
Native extension for WindowsStandalone target not found
Refreshing native plugins compatible for Editor in 26.74 ms, found 2 plugins.
Preloading 0 native plugins for Editor in 0.00 ms.
Mono: successfully reloaded assembly
- Completed reload, in  0.517 seconds
Domain Reload Profiling:
	ReloadAssembly (517ms)
		BeginReloadAssembly (65ms)
			ExecutionOrderSort (0ms)
			DisableScriptedObjects (0ms)
			BackupInstance (0ms)
			ReleaseScriptingObjects (0ms)
			CreateAndSetChildDomain (1ms)
		EndReloadAssembly (385ms)
			LoadAssemblies (63ms)
			RebuildTransferFunctionScriptingTraits (0ms)
			SetupTypeCache (127ms)
			ReleaseScriptCaches (0ms)
			RebuildScriptCaches (28ms)
			SetupLoadedEditorAssemblies (138ms)
				LogAssemblyErrors (0ms)
				InitializePlatformSupportModulesInManaged (4ms)
				SetLoadedEditorAssemblies (0ms)
				RefreshPlugins (27ms)
				BeforeProcessingInitializeOnLoad (12ms)
				ProcessInitializeOnLoadAttributes (70ms)
				ProcessInitializeOnLoadMethodAttributes (24ms)
				AfterProcessingInitializeOnLoad (0ms)
				EditorAssembliesLoaded (0ms)
			ExecutionOrderSort2 (0ms)
			AwakeInstancesAfterBackupRestoration (0ms)
Platform modules already initialized, skipping
Registering precompiled user dll's ...
Registered in 0.002818 seconds.
Begin MonoManager ReloadAssembly
Native extension for WindowsStandalone target not found
Refreshing native plugins compatible for Editor in 0.31 ms, found 2 plugins.
Preloading 0 native plugins for Editor in 0.00 ms.
Mono: successfully reloaded assembly
- Completed reload, in  0.873 seconds
Domain Reload Profiling:
	ReloadAssembly (874ms)
		BeginReloadAssembly (137ms)
			ExecutionOrderSort (0ms)
			DisableScriptedObjects (4ms)
			BackupInstance (0ms)
			ReleaseScriptingObjects (0ms)
			CreateAndSetChildDomain (18ms)
		EndReloadAssembly (681ms)
			LoadAssemblies (85ms)
			RebuildTransferFunctionScriptingTraits (0ms)
			SetupTypeCache (226ms)
			ReleaseScriptCaches (0ms)
			RebuildScriptCaches (38ms)
			SetupLoadedEditorAssemblies (267ms)
				LogAssemblyErrors (0ms)
				InitializePlatformSupportModulesInManaged (4ms)
				SetLoadedEditorAssemblies (0ms)
				RefreshPlugins (0ms)
				BeforeProcessingInitializeOnLoad (71ms)
				ProcessInitializeOnLoadAttributes (170ms)
				ProcessInitializeOnLoadMethodAttributes (13ms)
				AfterProcessingInitializeOnLoad (9ms)
				EditorAssembliesLoaded (0ms)
			ExecutionOrderSort2 (0ms)
			AwakeInstancesAfterBackupRestoration (2ms)
Platform modules already initialized, skipping
========================================================================
Worker process is ready to serve import requests
Launched and connected shader compiler UnityShaderCompiler.exe after 0.10 seconds
Refreshing native plugins compatible for Editor in 0.30 ms, found 2 plugins.
Preloading 0 native plugins for Editor in 0.00 ms.
Unloading 1552 Unused Serialized files (Serialized files now loaded: 0)
System memory in use before: 73.2 MB.
System memory in use after: 73.2 MB.

Unloading 17 unused Assets to reduce memory usage. Loaded Objects now: 1990.
Total: 2.401500 ms (FindLiveObjects: 0.121100 ms CreateObjectMapping: 0.038200 ms MarkObjects: 2.118600 ms  DeleteObjects: 0.123000 ms)

AssetImportParameters requested are different than current active one (requested -> active):
  custom:framework-win-MediaFoundation: 216162199b28c13a410421893ffa2e32 -> 
  custom:video-decoder-ogg-theora: a1e56fd34408186e4bbccfd4996cb3dc -> 
  custom:container-muxer-webm: aa71ff27fc2769a1b78a27578f13a17b -> 
  custom:container-demuxer-webm: 4f35f7cbe854078d1ac9338744f61a02 -> 
  custom:container-demuxer-ogg: 62fdf1f143b41e24485cea50d1cbac27 -> 
  custom:video-encoder-webm-vp8: eb34c28f22e8b96e1ab97ce403110664 -> 
  custom:video-decoder-webm-vp8: 9c59270c3fd7afecdb556c50c9e8de78 -> 
  custom:audio-decoder-ogg-vorbis: bf7c407c2cedff20999df2af8eb42d56 -> 
  custom:audio-encoder-webm-vorbis: bf7c407c2cedff20999df2af8eb42d56 -> 
========================================================================
Received Import Request.
  path: Assets/Materials/Frame-Material.mat
  artifactKey: Guid(8a6ad80d2e88b2c4092b4f8bc670f40b) Importer(815301076,1909f56bfc062723c751e8b465ee728b)
Start importing Assets/Materials/Frame-Material.mat using Guid(8a6ad80d2e88b2c4092b4f8bc670f40b) Importer(815301076,1909f56bfc062723c751e8b465ee728b)  -> (artifact id: 'c0358e32bea572102cf3e5f960972f20') in 0.170769 seconds 
========================================================================
Received Import Request.
  Time since last request: 0.000279 seconds.
  path: Assets/PhysicsMaterials/PlayerPhysics.physicMaterial
  artifactKey: Guid(d33d1051ec2aed34cbcde50244303af7) Importer(815301076,1909f56bfc062723c751e8b465ee728b)
Start importing Assets/PhysicsMaterials/PlayerPhysics.physicMaterial using Guid(d33d1051ec2aed34cbcde50244303af7) Importer(815301076,1909f56bfc062723c751e8b465ee728b)  -> (artifact id: '96ee3d724434e124718868c3234eaaeb') in 0.008244 seconds 
========================================================================
Received Import Request.
  Time since last request: 0.000296 seconds.
  path: Assets/PhysicsMaterials/WallPhysics.physicMaterial
  artifactKey: Guid(0d4a4c15f5b4b094d8f1a3b95a316f61) Importer(815301076,1909f56bfc062723c751e8b465ee728b)
Start importing Assets/PhysicsMaterials/WallPhysics.physicMaterial using Guid(0d4a4c15f5b4b094d8f1a3b95a316f61) Importer(815301076,1909f56bfc062723c751e8b465ee728b)  -> (artifact id: 'b1237f14150fd9370ce7edb4d2e220ae') in 0.004794 seconds 
========================================================================
Received Import Request.
  Time since last request: 0.000276 seconds.
  path: Assets/Materials/PlayerColor.mat
  artifactKey: Guid(d2a77785fc890024a9e66954d055a1ac) Importer(815301076,1909f56bfc062723c751e8b465ee728b)
Start importing Assets/Materials/PlayerColor.mat using Guid(d2a77785fc890024a9e66954d055a1ac) Importer(815301076,1909f56bfc062723c751e8b465ee728b)  -> (artifact id: 'ef03324f1c05bfc328ca7c70c8328f5c') in 0.012398 seconds 
========================================================================
Received Import Request.
  Time since last request: 0.000252 seconds.
  path: Assets/Materials/Cube Materials/Black.mat
  artifactKey: Guid(6c548ca18edd86d4bb3dbe9683a0a643) Importer(815301076,1909f56bfc062723c751e8b465ee728b)
Start importing Assets/Materials/Cube Materials/Black.mat using Guid(6c548ca18edd86d4bb3dbe9683a0a643) Importer(815301076,1909f56bfc062723c751e8b465ee728b)  -> (artifact id: '754eca59bfd160162264c5344a907c33') in 0.011017 seconds 
========================================================================
Received Import Request.
  Time since last request: 0.000271 seconds.
  path: Assets/Materials
  artifactKey: Guid(a31467942348b354a93c3bca8a7e9ed3) Importer(815301076,1909f56bfc062723c751e8b465ee728b)
Start importing Assets/Materials using Guid(a31467942348b354a93c3bca8a7e9ed3) Importer(815301076,1909f56bfc062723c751e8b465ee728b)  -> (artifact id: 'bfa5a0b80cbd035ee175a94ce95e0997') in 0.003178 seconds 
========================================================================
Received Import Request.
  Time since last request: 0.000312 seconds.
  path: Assets/Materials/Cube Materials/White.mat
  artifactKey: Guid(eedecd59884d92e4bb5e0d75d539dde1) Importer(815301076,1909f56bfc062723c751e8b465ee728b)
Start importing Assets/Materials/Cube Materials/White.mat using Guid(eedecd59884d92e4bb5e0d75d539dde1) Importer(815301076,1909f56bfc062723c751e8b465ee728b)  -> (artifact id: '7ca53ee9d63a7599cf47dfbbe96e6450') in 0.013201 seconds 
========================================================================
Received Import Request.
  Time since last request: 0.000237 seconds.
  path: Assets/Materials/Cube Materials
  artifactKey: Guid(e3506f1313131d545831c28b311456cc) Importer(815301076,1909f56bfc062723c751e8b465ee728b)
Start importing Assets/Materials/Cube Materials using Guid(e3506f1313131d545831c28b311456cc) Importer(815301076,1909f56bfc062723c751e8b465ee728b)  -> (artifact id: 'ef315b36002eda6512214f07929848da') in 0.005616 seconds 
========================================================================
Received Import Request.
  Time since last request: 0.000273 seconds.
  path: Assets/Materials/HitMaterial.mat
  artifactKey: Guid(61cb346f3b39d934eb2574ac77822ff9) Importer(815301076,1909f56bfc062723c751e8b465ee728b)
Start importing Assets/Materials/HitMaterial.mat using Guid(61cb346f3b39d934eb2574ac77822ff9) Importer(815301076,1909f56bfc062723c751e8b465ee728b)  -> (artifact id: 'bf907fd5ed24d98c36f344dd10cf9142') in 0.015931 seconds 
========================================================================
Received Import Request.
  Time since last request: 0.000281 seconds.
  path: Assets/Materials/CloudMaterial.mat
  artifactKey: Guid(27cbef7bd995a6f4396d4378d5220ef0) Importer(815301076,1909f56bfc062723c751e8b465ee728b)
Start importing Assets/Materials/CloudMaterial.mat using Guid(27cbef7bd995a6f4396d4378d5220ef0) Importer(815301076,1909f56bfc062723c751e8b465ee728b)  -> (artifact id: 'cec3ba6adf4ca42812a5f44a32d18a34') in 0.013423 seconds 
========================================================================
Received Import Request.
  Time since last request: 0.000221 seconds.
  path: Assets/PhysicsMaterials/CubeBouncePhysics.physicMaterial
  artifactKey: Guid(f8c455e802516a046a85d4cc15829c3c) Importer(815301076,1909f56bfc062723c751e8b465ee728b)
Start importing Assets/PhysicsMaterials/CubeBouncePhysics.physicMaterial using Guid(f8c455e802516a046a85d4cc15829c3c) Importer(815301076,1909f56bfc062723c751e8b465ee728b)  -> (artifact id: 'f42e54a54eb80a234e421b329b126e98') in 0.006658 seconds 
========================================================================
Received Import Request.
  Time since last request: 0.000472 seconds.
  path: Assets/Materials/Cube Materials/Green.mat
  artifactKey: Guid(83a0910a58d88a44f8830f4ef120eec1) Importer(815301076,1909f56bfc062723c751e8b465ee728b)
Start importing Assets/Materials/Cube Materials/Green.mat using Guid(83a0910a58d88a44f8830f4ef120eec1) Importer(815301076,1909f56bfc062723c751e8b465ee728b)  -> (artifact id: '687f2d42de37a5ad92f904b1789f1007') in 0.011513 seconds 
========================================================================
Received Import Request.
  Time since last request: 0.000204 seconds.
  path: Assets/Materials/GroundPlane-Material.mat
  artifactKey: Guid(979b2205197ee724e88b9fceaecadc45) Importer(815301076,1909f56bfc062723c751e8b465ee728b)
Start importing Assets/Materials/GroundPlane-Material.mat using Guid(979b2205197ee724e88b9fceaecadc45) Importer(815301076,1909f56bfc062723c751e8b465ee728b)  -> (artifact id: 'b54c93c6afcd7ee03f4c6aa8be486216') in 0.017777 seconds 
========================================================================
Received Import Request.
  Time since last request: 0.000232 seconds.
  path: Assets/Materials/Cube Materials/Red.mat
  artifactKey: Guid(7cace5e6a5ba9944ea02b2a2c28bf196) Importer(815301076,1909f56bfc062723c751e8b465ee728b)
Start importing Assets/Materials/Cube Materials/Red.mat using Guid(7cace5e6a5ba9944ea02b2a2c28bf196) Importer(815301076,1909f56bfc062723c751e8b465ee728b)  -> (artifact id: '035cf08146ce8d4cf92da1b0e4994ebf') in 0.010177 seconds 
========================================================================
Received Import Request.
  Time since last request: 0.000290 seconds.
  path: Assets/PhysicsMaterials
  artifactKey: Guid(f3bb4c2851d0da94687cadf670fce771) Importer(815301076,1909f56bfc062723c751e8b465ee728b)
Start importing Assets/PhysicsMaterials using Guid(f3bb4c2851d0da94687cadf670fce771) Importer(815301076,1909f56bfc062723c751e8b465ee728b)  -> (artifact id: '3bc42148c24d84a4afa501c3a110a2de') in 0.004136 seconds 
========================================================================
Received Import Request.
  Time since last request: 0.000262 seconds.
  path: Assets/Materials/ObstacleMaterial.mat
  artifactKey: Guid(73e43e8489998c84a9e2e254f5a33219) Importer(815301076,1909f56bfc062723c751e8b465ee728b)
Start importing Assets/Materials/ObstacleMaterial.mat using Guid(73e43e8489998c84a9e2e254f5a33219) Importer(815301076,1909f56bfc062723c751e8b465ee728b)  -> (artifact id: '80792b40ef803342b76f0aca99ef31f7') in 0.020840 seconds 
========================================================================
Received Import Request.
  Time since last request: 0.000260 seconds.
  path: Assets/Materials/Cube Materials/Yellow.mat
  artifactKey: Guid(9211d69e8e12f8c4eac8ad7351922ad0) Importer(815301076,1909f56bfc062723c751e8b465ee728b)
Start importing Assets/Materials/Cube Materials/Yellow.mat using Guid(9211d69e8e12f8c4eac8ad7351922ad0) Importer(815301076,1909f56bfc062723c751e8b465ee728b)  -> (artifact id: '45e8ed004db8198e83ee2bb6c57411e3') in 0.010591 seconds 
========================================================================
Received Import Request.
  Time since last request: 0.634690 seconds.
  path: Assets/Prefabs
  artifactKey: Guid(0bbcd85de51b06845bfa3c587443d369) Importer(815301076,1909f56bfc062723c751e8b465ee728b)
Start importing Assets/Prefabs using Guid(0bbcd85de51b06845bfa3c587443d369) Importer(815301076,1909f56bfc062723c751e8b465ee728b)  -> (artifact id: 'b647a9f858094cee6c9a7821af4fa537') in 0.005984 seconds 
========================================================================
Received Import Request.
  Time since last request: 0.318309 seconds.
  path: Assets/Prefabs/(Player)-Collector.prefab
  artifactKey: Guid(5f123a000456d9944906766494ce9850) Importer(815301076,1909f56bfc062723c751e8b465ee728b)
Start importing Assets/Prefabs/(Player)-Collector.prefab using Guid(5f123a000456d9944906766494ce9850) Importer(815301076,1909f56bfc062723c751e8b465ee728b)  -> (artifact id: 'f4d16d081c93b3740a576e556c9a0ac1') in 0.023597 seconds 
========================================================================
Received Import Request.
  Time since last request: 0.000261 seconds.
  path: Assets/Prefabs/Cube.prefab
  artifactKey: Guid(6043e8baeb85807429ee5e69e21dba4d) Importer(815301076,1909f56bfc062723c751e8b465ee728b)
Start importing Assets/Prefabs/Cube.prefab using Guid(6043e8baeb85807429ee5e69e21dba4d) Importer(815301076,1909f56bfc062723c751e8b465ee728b)  -> (artifact id: 'a75f66260ec97d93a6cb216ab1512f01') in 0.011406 seconds 
========================================================================
Received Import Request.
  Time since last request: 0.000235 seconds.
  path: Assets/Prefabs/RoundedFrame.prefab
  artifactKey: Guid(2d29d413c113db243a9e7348b91ca201) Importer(815301076,1909f56bfc062723c751e8b465ee728b)
Start importing Assets/Prefabs/RoundedFrame.prefab using Guid(2d29d413c113db243a9e7348b91ca201) Importer(815301076,1909f56bfc062723c751e8b465ee728b)  -> (artifact id: '89fe4dc455e5df41170fe697c4bdcbbd') in 0.013292 seconds 
========================================================================
Received Import Request.
  Time since last request: 2.347922 seconds.
  path: Assets/Scenes/SampleScene
  artifactKey: Guid(52ab77707e49a184c8673f3105b75b7a) Importer(815301076,1909f56bfc062723c751e8b465ee728b)
Start importing Assets/Scenes/SampleScene using Guid(52ab77707e49a184c8673f3105b75b7a) Importer(815301076,1909f56bfc062723c751e8b465ee728b)  -> (artifact id: '6bc0067d4cfc202cec1e92fb0aae2b1e') in 0.003728 seconds 
========================================================================
Received Import Request.
  Time since last request: 1.217604 seconds.
  path: Assets/Scenes/SampleScene/NavMesh.asset
  artifactKey: Guid(59ac5fbdc4a8e4744aab8d2ea2537da0) Importer(815301076,1909f56bfc062723c751e8b465ee728b)
Start importing Assets/Scenes/SampleScene/NavMesh.asset using Guid(59ac5fbdc4a8e4744aab8d2ea2537da0) Importer(815301076,1909f56bfc062723c751e8b465ee728b)  -> (artifact id: 'd20d707c2985e68117eef4ab988a00d8') in 0.007407 seconds 
========================================================================
Received Import Request.
  Time since last request: 1.390963 seconds.
  path: Assets/ScriptableObjects
  artifactKey: Guid(79f8461a7ef785a4fb9d4684812c3ab2) Importer(815301076,1909f56bfc062723c751e8b465ee728b)
Start importing Assets/ScriptableObjects using Guid(79f8461a7ef785a4fb9d4684812c3ab2) Importer(815301076,1909f56bfc062723c751e8b465ee728b)  -> (artifact id: 'a5012de0dcf9c215b962ae4de2a7fb75') in 0.005926 seconds 
========================================================================
Received Import Request.
  Time since last request: 0.253292 seconds.
  path: Assets/ScriptableObjects/GameValues.asset
  artifactKey: Guid(9c5f6c2b701c46943a889a5f98bb33ef) Importer(815301076,1909f56bfc062723c751e8b465ee728b)
Start importing Assets/ScriptableObjects/GameValues.asset using Guid(9c5f6c2b701c46943a889a5f98bb33ef) Importer(815301076,1909f56bfc062723c751e8b465ee728b)  -> (artifact id: '75b453391e7dcae89372d8dc4cb0c58a') in 0.007745 seconds 
========================================================================
Received Import Request.
  Time since last request: 4.068019 seconds.
  path: Assets/Scripts/AI
  artifactKey: Guid(ecb0489a2ffc2fd4099e8c9204ff1749) Importer(815301076,1909f56bfc062723c751e8b465ee728b)
Start importing Assets/Scripts/AI using Guid(ecb0489a2ffc2fd4099e8c9204ff1749) Importer(815301076,1909f56bfc062723c751e8b465ee728b)  -> (artifact id: '3eaff52e5a00f8ca885a24ff701c959c') in 0.005562 seconds 
========================================================================
Received Import Request.
  Time since last request: 1.204078 seconds.
  path: Assets/Scripts/AI/AIManager.cs
  artifactKey: Guid(568348dc5422044498cdbf0e2fd0a6e7) Importer(815301076,1909f56bfc062723c751e8b465ee728b)
Start importing Assets/Scripts/AI/AIManager.cs using Guid(568348dc5422044498cdbf0e2fd0a6e7) Importer(815301076,1909f56bfc062723c751e8b465ee728b)  -> (artifact id: 'e1b9c5ec250df1f74ce370d532bec7a2') in 0.007386 seconds 
========================================================================
Received Import Request.
  Time since last request: 232.551383 seconds.
  path: Assets/Scripts/AI/AIManager.cs
  artifactKey: Guid(568348dc5422044498cdbf0e2fd0a6e7) Importer(815301076,1909f56bfc062723c751e8b465ee728b)
Start importing Assets/Scripts/AI/AIManager.cs using Guid(568348dc5422044498cdbf0e2fd0a6e7) Importer(815301076,1909f56bfc062723c751e8b465ee728b)  -> (artifact id: '4ff57e4d6ef632c1d06c1fff39c45791') in 0.004410 seconds 
========================================================================
Received Prepare
Registering precompiled user dll's ...
Registered in 0.002663 seconds.
Begin MonoManager ReloadAssembly
Native extension for WindowsStandalone target not found
Refreshing native plugins compatible for Editor in 0.33 ms, found 2 plugins.
Preloading 0 native plugins for Editor in 0.00 ms.
Mono: successfully reloaded assembly
- Completed reload, in  0.861 seconds
Domain Reload Profiling:
	ReloadAssembly (862ms)
		BeginReloadAssembly (107ms)
			ExecutionOrderSort (0ms)
			DisableScriptedObjects (4ms)
			BackupInstance (0ms)
			ReleaseScriptingObjects (0ms)
			CreateAndSetChildDomain (28ms)
		EndReloadAssembly (700ms)
			LoadAssemblies (90ms)
			RebuildTransferFunctionScriptingTraits (0ms)
			SetupTypeCache (228ms)
			ReleaseScriptCaches (1ms)
			RebuildScriptCaches (33ms)
			SetupLoadedEditorAssemblies (287ms)
				LogAssemblyErrors (0ms)
				InitializePlatformSupportModulesInManaged (5ms)
				SetLoadedEditorAssemblies (0ms)
				RefreshPlugins (0ms)
				BeforeProcessingInitializeOnLoad (64ms)
				ProcessInitializeOnLoadAttributes (197ms)
				ProcessInitializeOnLoadMethodAttributes (12ms)
				AfterProcessingInitializeOnLoad (8ms)
				EditorAssembliesLoaded (0ms)
			ExecutionOrderSort2 (0ms)
			AwakeInstancesAfterBackupRestoration (2ms)
Platform modules already initialized, skipping
Refreshing native plugins compatible for Editor in 0.31 ms, found 2 plugins.
Preloading 0 native plugins for Editor in 0.00 ms.
Unloading 1534 Unused Serialized files (Serialized files now loaded: 0)
System memory in use before: 75.2 MB.
System memory in use after: 75.2 MB.

Unloading 12 unused Assets to reduce memory usage. Loaded Objects now: 2034.
Total: 2.401800 ms (FindLiveObjects: 0.161900 ms CreateObjectMapping: 0.044900 ms MarkObjects: 2.145800 ms  DeleteObjects: 0.048600 ms)

AssetImportParameters requested are different than current active one (requested -> active):
  custom:framework-win-MediaFoundation: 216162199b28c13a410421893ffa2e32 -> 
  custom:video-decoder-ogg-theora: a1e56fd34408186e4bbccfd4996cb3dc -> 
  custom:container-muxer-webm: aa71ff27fc2769a1b78a27578f13a17b -> 
  custom:container-demuxer-webm: 4f35f7cbe854078d1ac9338744f61a02 -> 
  custom:container-demuxer-ogg: 62fdf1f143b41e24485cea50d1cbac27 -> 
  custom:video-encoder-webm-vp8: eb34c28f22e8b96e1ab97ce403110664 -> 
  custom:video-decoder-webm-vp8: 9c59270c3fd7afecdb556c50c9e8de78 -> 
  custom:audio-decoder-ogg-vorbis: bf7c407c2cedff20999df2af8eb42d56 -> 
  custom:audio-encoder-webm-vorbis: bf7c407c2cedff20999df2af8eb42d56 -> 
========================================================================
Received Import Request.
  Time since last request: 45.776084 seconds.
  path: Assets/Scripts/AI/AIManager.cs
  artifactKey: Guid(568348dc5422044498cdbf0e2fd0a6e7) Importer(815301076,1909f56bfc062723c751e8b465ee728b)
Start importing Assets/Scripts/AI/AIManager.cs using Guid(568348dc5422044498cdbf0e2fd0a6e7) Importer(815301076,1909f56bfc062723c751e8b465ee728b)  -> (artifact id: 'feea4ae27dad04b6216e1976207c1868') in 0.006594 seconds 
========================================================================
Received Prepare
Registering precompiled user dll's ...
Registered in 0.002492 seconds.
Begin MonoManager ReloadAssembly
Native extension for WindowsStandalone target not found
Refreshing native plugins compatible for Editor in 0.31 ms, found 2 plugins.
Preloading 0 native plugins for Editor in 0.00 ms.
Mono: successfully reloaded assembly
- Completed reload, in  0.841 seconds
Domain Reload Profiling:
	ReloadAssembly (842ms)
		BeginReloadAssembly (104ms)
			ExecutionOrderSort (0ms)
			DisableScriptedObjects (4ms)
			BackupInstance (0ms)
			ReleaseScriptingObjects (0ms)
			CreateAndSetChildDomain (27ms)
		EndReloadAssembly (684ms)
			LoadAssemblies (87ms)
			RebuildTransferFunctionScriptingTraits (0ms)
			SetupTypeCache (247ms)
			ReleaseScriptCaches (1ms)
			RebuildScriptCaches (33ms)
			SetupLoadedEditorAssemblies (254ms)
				LogAssemblyErrors (0ms)
				InitializePlatformSupportModulesInManaged (4ms)
				SetLoadedEditorAssemblies (0ms)
				RefreshPlugins (0ms)
				BeforeProcessingInitializeOnLoad (65ms)
				ProcessInitializeOnLoadAttributes (165ms)
				ProcessInitializeOnLoadMethodAttributes (12ms)
				AfterProcessingInitializeOnLoad (8ms)
				EditorAssembliesLoaded (0ms)
			ExecutionOrderSort2 (0ms)
			AwakeInstancesAfterBackupRestoration (2ms)
Platform modules already initialized, skipping
Refreshing native plugins compatible for Editor in 0.32 ms, found 2 plugins.
Preloading 0 native plugins for Editor in 0.00 ms.
Unloading 1534 Unused Serialized files (Serialized files now loaded: 0)
System memory in use before: 75.2 MB.
System memory in use after: 75.3 MB.

Unloading 12 unused Assets to reduce memory usage. Loaded Objects now: 2037.
Total: 2.469700 ms (FindLiveObjects: 0.134300 ms CreateObjectMapping: 0.045200 ms MarkObjects: 2.228100 ms  DeleteObjects: 0.061600 ms)

AssetImportParameters requested are different than current active one (requested -> active):
  custom:framework-win-MediaFoundation: 216162199b28c13a410421893ffa2e32 -> 
  custom:video-decoder-ogg-theora: a1e56fd34408186e4bbccfd4996cb3dc -> 
  custom:container-muxer-webm: aa71ff27fc2769a1b78a27578f13a17b -> 
  custom:container-demuxer-webm: 4f35f7cbe854078d1ac9338744f61a02 -> 
  custom:container-demuxer-ogg: 62fdf1f143b41e24485cea50d1cbac27 -> 
  custom:video-encoder-webm-vp8: eb34c28f22e8b96e1ab97ce403110664 -> 
  custom:video-decoder-webm-vp8: 9c59270c3fd7afecdb556c50c9e8de78 -> 
  custom:audio-decoder-ogg-vorbis: bf7c407c2cedff20999df2af8eb42d56 -> 
  custom:audio-encoder-webm-vorbis: bf7c407c2cedff20999df2af8eb42d56 -> 
========================================================================
Received Import Request.
  Time since last request: 11.487508 seconds.
  path: Assets/Scripts/AI/AIManager.cs
  artifactKey: Guid(568348dc5422044498cdbf0e2fd0a6e7) Importer(815301076,1909f56bfc062723c751e8b465ee728b)
Start importing Assets/Scripts/AI/AIManager.cs using Guid(568348dc5422044498cdbf0e2fd0a6e7) Importer(815301076,1909f56bfc062723c751e8b465ee728b)  -> (artifact id: '2c987296afcb1829c615b8b1d065ab00') in 0.006476 seconds 
========================================================================
Received Prepare
Registering precompiled user dll's ...
Registered in 0.002685 seconds.
Begin MonoManager ReloadAssembly
Native extension for WindowsStandalone target not found
Refreshing native plugins compatible for Editor in 0.34 ms, found 2 plugins.
Preloading 0 native plugins for Editor in 0.00 ms.
Mono: successfully reloaded assembly
- Completed reload, in  0.930 seconds
Domain Reload Profiling:
	ReloadAssembly (931ms)
		BeginReloadAssembly (121ms)
			ExecutionOrderSort (0ms)
			DisableScriptedObjects (5ms)
			BackupInstance (0ms)
			ReleaseScriptingObjects (0ms)
			CreateAndSetChildDomain (30ms)
		EndReloadAssembly (755ms)
			LoadAssemblies (105ms)
			RebuildTransferFunctionScriptingTraits (0ms)
			SetupTypeCache (301ms)
			ReleaseScriptCaches (1ms)
			RebuildScriptCaches (32ms)
			SetupLoadedEditorAssemblies (255ms)
				LogAssemblyErrors (0ms)
				InitializePlatformSupportModulesInManaged (4ms)
				SetLoadedEditorAssemblies (0ms)
				RefreshPlugins (0ms)
				BeforeProcessingInitializeOnLoad (65ms)
				ProcessInitializeOnLoadAttributes (165ms)
				ProcessInitializeOnLoadMethodAttributes (12ms)
				AfterProcessingInitializeOnLoad (8ms)
				EditorAssembliesLoaded (0ms)
			ExecutionOrderSort2 (0ms)
			AwakeInstancesAfterBackupRestoration (2ms)
Platform modules already initialized, skipping
Refreshing native plugins compatible for Editor in 0.33 ms, found 2 plugins.
Preloading 0 native plugins for Editor in 0.00 ms.
Unloading 1534 Unused Serialized files (Serialized files now loaded: 0)
System memory in use before: 75.2 MB.
System memory in use after: 75.3 MB.

Unloading 12 unused Assets to reduce memory usage. Loaded Objects now: 2040.
Total: 2.780100 ms (FindLiveObjects: 0.131700 ms CreateObjectMapping: 0.044500 ms MarkObjects: 2.513700 ms  DeleteObjects: 0.089500 ms)

AssetImportParameters requested are different than current active one (requested -> active):
  custom:framework-win-MediaFoundation: 216162199b28c13a410421893ffa2e32 -> 
  custom:video-decoder-ogg-theora: a1e56fd34408186e4bbccfd4996cb3dc -> 
  custom:container-muxer-webm: aa71ff27fc2769a1b78a27578f13a17b -> 
  custom:container-demuxer-webm: 4f35f7cbe854078d1ac9338744f61a02 -> 
  custom:container-demuxer-ogg: 62fdf1f143b41e24485cea50d1cbac27 -> 
  custom:video-encoder-webm-vp8: eb34c28f22e8b96e1ab97ce403110664 -> 
  custom:video-decoder-webm-vp8: 9c59270c3fd7afecdb556c50c9e8de78 -> 
  custom:audio-decoder-ogg-vorbis: bf7c407c2cedff20999df2af8eb42d56 -> 
  custom:audio-encoder-webm-vorbis: bf7c407c2cedff20999df2af8eb42d56 -> 
========================================================================
Received Import Request.
  Time since last request: 8.063000 seconds.
  path: Assets/Scripts/AI/AIManager.cs
  artifactKey: Guid(568348dc5422044498cdbf0e2fd0a6e7) Importer(815301076,1909f56bfc062723c751e8b465ee728b)
Start importing Assets/Scripts/AI/AIManager.cs using Guid(568348dc5422044498cdbf0e2fd0a6e7) Importer(815301076,1909f56bfc062723c751e8b465ee728b)  -> (artifact id: '9d18c332de1f807e2dbcc6997c7b50cf') in 0.006021 seconds 
========================================================================
Received Prepare
Registering precompiled user dll's ...
Registered in 0.002455 seconds.
Begin MonoManager ReloadAssembly
Native extension for WindowsStandalone target not found
Refreshing native plugins compatible for Editor in 0.32 ms, found 2 plugins.
Preloading 0 native plugins for Editor in 0.00 ms.
Mono: successfully reloaded assembly
- Completed reload, in  0.850 seconds
Domain Reload Profiling:
	ReloadAssembly (850ms)
		BeginReloadAssembly (105ms)
			ExecutionOrderSort (0ms)
			DisableScriptedObjects (4ms)
			BackupInstance (0ms)
			ReleaseScriptingObjects (0ms)
			CreateAndSetChildDomain (27ms)
		EndReloadAssembly (691ms)
			LoadAssemblies (87ms)
			RebuildTransferFunctionScriptingTraits (0ms)
			SetupTypeCache (241ms)
			ReleaseScriptCaches (1ms)
			RebuildScriptCaches (38ms)
			SetupLoadedEditorAssemblies (255ms)
				LogAssemblyErrors (0ms)
				InitializePlatformSupportModulesInManaged (4ms)
				SetLoadedEditorAssemblies (0ms)
				RefreshPlugins (0ms)
				BeforeProcessingInitializeOnLoad (68ms)
				ProcessInitializeOnLoadAttributes (161ms)
				ProcessInitializeOnLoadMethodAttributes (12ms)
				AfterProcessingInitializeOnLoad (8ms)
				EditorAssembliesLoaded (0ms)
			ExecutionOrderSort2 (0ms)
			AwakeInstancesAfterBackupRestoration (2ms)
Platform modules already initialized, skipping
Refreshing native plugins compatible for Editor in 0.32 ms, found 2 plugins.
Preloading 0 native plugins for Editor in 0.00 ms.
Unloading 1534 Unused Serialized files (Serialized files now loaded: 0)
System memory in use before: 75.2 MB.
System memory in use after: 75.3 MB.

Unloading 12 unused Assets to reduce memory usage. Loaded Objects now: 2043.
Total: 2.253600 ms (FindLiveObjects: 0.110800 ms CreateObjectMapping: 0.039200 ms MarkObjects: 2.056800 ms  DeleteObjects: 0.046400 ms)

AssetImportParameters requested are different than current active one (requested -> active):
  custom:framework-win-MediaFoundation: 216162199b28c13a410421893ffa2e32 -> 
  custom:video-decoder-ogg-theora: a1e56fd34408186e4bbccfd4996cb3dc -> 
  custom:container-muxer-webm: aa71ff27fc2769a1b78a27578f13a17b -> 
  custom:container-demuxer-webm: 4f35f7cbe854078d1ac9338744f61a02 -> 
  custom:container-demuxer-ogg: 62fdf1f143b41e24485cea50d1cbac27 -> 
  custom:video-encoder-webm-vp8: eb34c28f22e8b96e1ab97ce403110664 -> 
  custom:video-decoder-webm-vp8: 9c59270c3fd7afecdb556c50c9e8de78 -> 
  custom:audio-decoder-ogg-vorbis: bf7c407c2cedff20999df2af8eb42d56 -> 
  custom:audio-encoder-webm-vorbis: bf7c407c2cedff20999df2af8eb42d56 -> 
========================================================================
Received Import Request.
  Time since last request: 72.775792 seconds.
  path: Assets/Scripts/Bases/CubeAroundBase.cs
  artifactKey: Guid(3c4ef671f92d4234aacca59880f28d48) Importer(815301076,1909f56bfc062723c751e8b465ee728b)
Start importing Assets/Scripts/Bases/CubeAroundBase.cs using Guid(3c4ef671f92d4234aacca59880f28d48) Importer(815301076,1909f56bfc062723c751e8b465ee728b)  -> (artifact id: 'f54d0b917837400921368bf0ec55da50') in 0.006012 seconds 
========================================================================
Received Import Request.
  Time since last request: 19.866306 seconds.
  path: Assets/Scripts/Bases/CubeAroundBase.cs
  artifactKey: Guid(3c4ef671f92d4234aacca59880f28d48) Importer(815301076,1909f56bfc062723c751e8b465ee728b)
Start importing Assets/Scripts/Bases/CubeAroundBase.cs using Guid(3c4ef671f92d4234aacca59880f28d48) Importer(815301076,1909f56bfc062723c751e8b465ee728b)  -> (artifact id: '7dd38d5b31dc444519dee48ca19a1eca') in 0.004300 seconds 
========================================================================
Received Prepare
Registering precompiled user dll's ...
Registered in 0.002736 seconds.
Begin MonoManager ReloadAssembly
Native extension for WindowsStandalone target not found
Refreshing native plugins compatible for Editor in 0.33 ms, found 2 plugins.
Preloading 0 native plugins for Editor in 0.00 ms.
Mono: successfully reloaded assembly
- Completed reload, in  0.845 seconds
Domain Reload Profiling:
	ReloadAssembly (845ms)
		BeginReloadAssembly (110ms)
			ExecutionOrderSort (0ms)
			DisableScriptedObjects (4ms)
			BackupInstance (0ms)
			ReleaseScriptingObjects (0ms)
			CreateAndSetChildDomain (26ms)
		EndReloadAssembly (680ms)
			LoadAssemblies (92ms)
			RebuildTransferFunctionScriptingTraits (0ms)
			SetupTypeCache (234ms)
			ReleaseScriptCaches (1ms)
			RebuildScriptCaches (32ms)
			SetupLoadedEditorAssemblies (258ms)
				LogAssemblyErrors (0ms)
				InitializePlatformSupportModulesInManaged (4ms)
				SetLoadedEditorAssemblies (0ms)
				RefreshPlugins (0ms)
				BeforeProcessingInitializeOnLoad (68ms)
				ProcessInitializeOnLoadAttributes (166ms)
				ProcessInitializeOnLoadMethodAttributes (12ms)
				AfterProcessingInitializeOnLoad (8ms)
				EditorAssembliesLoaded (0ms)
			ExecutionOrderSort2 (0ms)
			AwakeInstancesAfterBackupRestoration (2ms)
Platform modules already initialized, skipping
Refreshing native plugins compatible for Editor in 0.39 ms, found 2 plugins.
Preloading 0 native plugins for Editor in 0.00 ms.
Unloading 1534 Unused Serialized files (Serialized files now loaded: 0)
System memory in use before: 75.2 MB.
System memory in use after: 75.3 MB.

Unloading 12 unused Assets to reduce memory usage. Loaded Objects now: 2046.
Total: 2.278500 ms (FindLiveObjects: 0.131700 ms CreateObjectMapping: 0.050300 ms MarkObjects: 2.045100 ms  DeleteObjects: 0.050900 ms)

AssetImportParameters requested are different than current active one (requested -> active):
  custom:framework-win-MediaFoundation: 216162199b28c13a410421893ffa2e32 -> 
  custom:video-decoder-ogg-theora: a1e56fd34408186e4bbccfd4996cb3dc -> 
  custom:container-muxer-webm: aa71ff27fc2769a1b78a27578f13a17b -> 
  custom:container-demuxer-webm: 4f35f7cbe854078d1ac9338744f61a02 -> 
  custom:container-demuxer-ogg: 62fdf1f143b41e24485cea50d1cbac27 -> 
  custom:video-encoder-webm-vp8: eb34c28f22e8b96e1ab97ce403110664 -> 
  custom:video-decoder-webm-vp8: 9c59270c3fd7afecdb556c50c9e8de78 -> 
  custom:audio-decoder-ogg-vorbis: bf7c407c2cedff20999df2af8eb42d56 -> 
  custom:audio-encoder-webm-vorbis: bf7c407c2cedff20999df2af8eb42d56 -> 
========================================================================
Received Import Request.
  Time since last request: 27.341972 seconds.
  path: Assets/Scripts/Bases/CubeBase.cs
  artifactKey: Guid(cc9a78efb2b6014448a5bb27e65b8ab7) Importer(815301076,1909f56bfc062723c751e8b465ee728b)
Start importing Assets/Scripts/Bases/CubeBase.cs using Guid(cc9a78efb2b6014448a5bb27e65b8ab7) Importer(815301076,1909f56bfc062723c751e8b465ee728b)  -> (artifact id: '833feda4dd2649233257c19ffd22774f') in 0.007792 seconds 
========================================================================
Received Prepare
Registering precompiled user dll's ...
Registered in 0.002607 seconds.
Begin MonoManager ReloadAssembly
Native extension for WindowsStandalone target not found
Refreshing native plugins compatible for Editor in 0.50 ms, found 2 plugins.
Preloading 0 native plugins for Editor in 0.00 ms.
Mono: successfully reloaded assembly
- Completed reload, in  0.812 seconds
Domain Reload Profiling:
	ReloadAssembly (812ms)
		BeginReloadAssembly (100ms)
			ExecutionOrderSort (0ms)
			DisableScriptedObjects (4ms)
			BackupInstance (0ms)
			ReleaseScriptingObjects (0ms)
			CreateAndSetChildDomain (24ms)
		EndReloadAssembly (650ms)
			LoadAssemblies (83ms)
			RebuildTransferFunctionScriptingTraits (0ms)
			SetupTypeCache (226ms)
			ReleaseScriptCaches (1ms)
			RebuildScriptCaches (32ms)
			SetupLoadedEditorAssemblies (248ms)
				LogAssemblyErrors (0ms)
				InitializePlatformSupportModulesInManaged (4ms)
				SetLoadedEditorAssemblies (1ms)
				RefreshPlugins (1ms)
				BeforeProcessingInitializeOnLoad (63ms)
				ProcessInitializeOnLoadAttributes (158ms)
				ProcessInitializeOnLoadMethodAttributes (11ms)
				AfterProcessingInitializeOnLoad (10ms)
				EditorAssembliesLoaded (0ms)
			ExecutionOrderSort2 (0ms)
			AwakeInstancesAfterBackupRestoration (2ms)
Platform modules already initialized, skipping
Refreshing native plugins compatible for Editor in 0.33 ms, found 2 plugins.
Preloading 0 native plugins for Editor in 0.00 ms.
Unloading 1534 Unused Serialized files (Serialized files now loaded: 0)
System memory in use before: 75.2 MB.
System memory in use after: 75.3 MB.

Unloading 12 unused Assets to reduce memory usage. Loaded Objects now: 2049.
Total: 2.448000 ms (FindLiveObjects: 0.165400 ms CreateObjectMapping: 0.040100 ms MarkObjects: 2.152400 ms  DeleteObjects: 0.089400 ms)

AssetImportParameters requested are different than current active one (requested -> active):
  custom:framework-win-MediaFoundation: 216162199b28c13a410421893ffa2e32 -> 
  custom:video-decoder-ogg-theora: a1e56fd34408186e4bbccfd4996cb3dc -> 
  custom:container-muxer-webm: aa71ff27fc2769a1b78a27578f13a17b -> 
  custom:container-demuxer-webm: 4f35f7cbe854078d1ac9338744f61a02 -> 
  custom:container-demuxer-ogg: 62fdf1f143b41e24485cea50d1cbac27 -> 
  custom:video-encoder-webm-vp8: eb34c28f22e8b96e1ab97ce403110664 -> 
  custom:video-decoder-webm-vp8: 9c59270c3fd7afecdb556c50c9e8de78 -> 
  custom:audio-decoder-ogg-vorbis: bf7c407c2cedff20999df2af8eb42d56 -> 
  custom:audio-encoder-webm-vorbis: bf7c407c2cedff20999df2af8eb42d56 -> 
========================================================================
Received Import Request.
  Time since last request: 43.626835 seconds.
  path: Assets/Scripts/Cube
  artifactKey: Guid(78a747d7c40f1c4489d248eb49ff66f7) Importer(815301076,1909f56bfc062723c751e8b465ee728b)
Start importing Assets/Scripts/Cube using Guid(78a747d7c40f1c4489d248eb49ff66f7) Importer(815301076,1909f56bfc062723c751e8b465ee728b)  -> (artifact id: '62ae1d5abae5b85e3ee8a34b98bf7d07') in 0.006193 seconds 
========================================================================
Received Import Request.
  Time since last request: 0.643847 seconds.
  path: Assets/Scripts/Cube/CubeClaimer.cs
  artifactKey: Guid(9756e2c2d2b6e34479d75453b2077446) Importer(815301076,1909f56bfc062723c751e8b465ee728b)
Start importing Assets/Scripts/Cube/CubeClaimer.cs using Guid(9756e2c2d2b6e34479d75453b2077446) Importer(815301076,1909f56bfc062723c751e8b465ee728b)  -> (artifact id: '81cb44e6005e4839bdbba4a687db79f8') in 0.003663 seconds 
========================================================================
Received Import Request.
  Time since last request: 9.431902 seconds.
  path: Assets/Scripts/Cube/CubeClaimer.cs
  artifactKey: Guid(9756e2c2d2b6e34479d75453b2077446) Importer(815301076,1909f56bfc062723c751e8b465ee728b)
Start importing Assets/Scripts/Cube/CubeClaimer.cs using Guid(9756e2c2d2b6e34479d75453b2077446) Importer(815301076,1909f56bfc062723c751e8b465ee728b)  -> (artifact id: '5e52f0e1a8b97a009986fa499fe1c821') in 0.003409 seconds 
========================================================================
Received Prepare
Registering precompiled user dll's ...
Registered in 0.002523 seconds.
Begin MonoManager ReloadAssembly
Native extension for WindowsStandalone target not found
Refreshing native plugins compatible for Editor in 0.59 ms, found 2 plugins.
Preloading 0 native plugins for Editor in 0.00 ms.
Mono: successfully reloaded assembly
- Completed reload, in  0.839 seconds
Domain Reload Profiling:
	ReloadAssembly (840ms)
		BeginReloadAssembly (105ms)
			ExecutionOrderSort (0ms)
			DisableScriptedObjects (4ms)
			BackupInstance (0ms)
			ReleaseScriptingObjects (0ms)
			CreateAndSetChildDomain (26ms)
		EndReloadAssembly (672ms)
			LoadAssemblies (87ms)
			RebuildTransferFunctionScriptingTraits (0ms)
			SetupTypeCache (233ms)
			ReleaseScriptCaches (1ms)
			RebuildScriptCaches (33ms)
			SetupLoadedEditorAssemblies (256ms)
				LogAssemblyErrors (0ms)
				InitializePlatformSupportModulesInManaged (5ms)
				SetLoadedEditorAssemblies (7ms)
				RefreshPlugins (1ms)
				BeforeProcessingInitializeOnLoad (66ms)
				ProcessInitializeOnLoadAttributes (158ms)
				ProcessInitializeOnLoadMethodAttributes (11ms)
				AfterProcessingInitializeOnLoad (8ms)
				EditorAssembliesLoaded (0ms)
			ExecutionOrderSort2 (0ms)
			AwakeInstancesAfterBackupRestoration (2ms)
Platform modules already initialized, skipping
Refreshing native plugins compatible for Editor in 0.32 ms, found 2 plugins.
Preloading 0 native plugins for Editor in 0.00 ms.
Unloading 1534 Unused Serialized files (Serialized files now loaded: 0)
System memory in use before: 75.3 MB.
System memory in use after: 75.3 MB.

Unloading 12 unused Assets to reduce memory usage. Loaded Objects now: 2052.
Total: 2.349100 ms (FindLiveObjects: 0.135100 ms CreateObjectMapping: 0.048900 ms MarkObjects: 2.113400 ms  DeleteObjects: 0.050800 ms)

AssetImportParameters requested are different than current active one (requested -> active):
  custom:framework-win-MediaFoundation: 216162199b28c13a410421893ffa2e32 -> 
  custom:video-decoder-ogg-theora: a1e56fd34408186e4bbccfd4996cb3dc -> 
  custom:container-muxer-webm: aa71ff27fc2769a1b78a27578f13a17b -> 
  custom:container-demuxer-webm: 4f35f7cbe854078d1ac9338744f61a02 -> 
  custom:container-demuxer-ogg: 62fdf1f143b41e24485cea50d1cbac27 -> 
  custom:video-encoder-webm-vp8: eb34c28f22e8b96e1ab97ce403110664 -> 
  custom:video-decoder-webm-vp8: 9c59270c3fd7afecdb556c50c9e8de78 -> 
  custom:audio-decoder-ogg-vorbis: bf7c407c2cedff20999df2af8eb42d56 -> 
  custom:audio-encoder-webm-vorbis: bf7c407c2cedff20999df2af8eb42d56 -> 
========================================================================
Received Import Request.
  Time since last request: 27.176935 seconds.
  path: Assets/Scripts/EventHandler
  artifactKey: Guid(3422d8a130b6fc34cae5d1837b5e41b9) Importer(815301076,1909f56bfc062723c751e8b465ee728b)
Start importing Assets/Scripts/EventHandler using Guid(3422d8a130b6fc34cae5d1837b5e41b9) Importer(815301076,1909f56bfc062723c751e8b465ee728b)  -> (artifact id: '388071d63aac056eb4d8be374ff9f88a') in 0.006227 seconds 
========================================================================
Received Import Request.
  Time since last request: 1.248796 seconds.
  path: Assets/Scripts/EventHandler/EventHandler.cs
  artifactKey: Guid(b1bfc76fb805ac0469389ebe8c835247) Importer(815301076,1909f56bfc062723c751e8b465ee728b)
Start importing Assets/Scripts/EventHandler/EventHandler.cs using Guid(b1bfc76fb805ac0469389ebe8c835247) Importer(815301076,1909f56bfc062723c751e8b465ee728b)  -> (artifact id: '515a8bdfc8966a69fe192e3c48553cbe') in 0.004077 seconds 
========================================================================
Received Import Request.
  Time since last request: 20.968413 seconds.
  path: Assets/Scripts/Obstacle/Obstacle.cs
  artifactKey: Guid(d3b9b8c20c196bc48afe7946e7129dde) Importer(815301076,1909f56bfc062723c751e8b465ee728b)
Start importing Assets/Scripts/Obstacle/Obstacle.cs using Guid(d3b9b8c20c196bc48afe7946e7129dde) Importer(815301076,1909f56bfc062723c751e8b465ee728b)  -> (artifact id: 'f2f984c5eab5b0a534634b513e8ddceb') in 0.003424 seconds 
========================================================================
Received Prepare
Registering precompiled user dll's ...
Registered in 0.002569 seconds.
Begin MonoManager ReloadAssembly
Native extension for WindowsStandalone target not found
Refreshing native plugins compatible for Editor in 0.31 ms, found 2 plugins.
Preloading 0 native plugins for Editor in 0.00 ms.
Mono: successfully reloaded assembly
- Completed reload, in  0.834 seconds
Domain Reload Profiling:
	ReloadAssembly (834ms)
		BeginReloadAssembly (104ms)
			ExecutionOrderSort (0ms)
			DisableScriptedObjects (4ms)
			BackupInstance (0ms)
			ReleaseScriptingObjects (0ms)
			CreateAndSetChildDomain (27ms)
		EndReloadAssembly (676ms)
			LoadAssemblies (86ms)
			RebuildTransferFunctionScriptingTraits (0ms)
			SetupTypeCache (247ms)
			ReleaseScriptCaches (1ms)
			RebuildScriptCaches (32ms)
			SetupLoadedEditorAssemblies (252ms)
				LogAssemblyErrors (0ms)
				InitializePlatformSupportModulesInManaged (4ms)
				SetLoadedEditorAssemblies (0ms)
				RefreshPlugins (0ms)
				BeforeProcessingInitializeOnLoad (69ms)
				ProcessInitializeOnLoadAttributes (159ms)
				ProcessInitializeOnLoadMethodAttributes (12ms)
				AfterProcessingInitializeOnLoad (8ms)
				EditorAssembliesLoaded (0ms)
			ExecutionOrderSort2 (0ms)
			AwakeInstancesAfterBackupRestoration (2ms)
Platform modules already initialized, skipping
Refreshing native plugins compatible for Editor in 0.31 ms, found 2 plugins.
Preloading 0 native plugins for Editor in 0.00 ms.
Unloading 1534 Unused Serialized files (Serialized files now loaded: 0)
System memory in use before: 75.3 MB.
System memory in use after: 75.3 MB.

Unloading 12 unused Assets to reduce memory usage. Loaded Objects now: 2055.
Total: 2.447100 ms (FindLiveObjects: 0.132900 ms CreateObjectMapping: 0.040400 ms MarkObjects: 2.220700 ms  DeleteObjects: 0.052500 ms)

AssetImportParameters requested are different than current active one (requested -> active):
  custom:framework-win-MediaFoundation: 216162199b28c13a410421893ffa2e32 -> 
  custom:video-decoder-ogg-theora: a1e56fd34408186e4bbccfd4996cb3dc -> 
  custom:container-muxer-webm: aa71ff27fc2769a1b78a27578f13a17b -> 
  custom:container-demuxer-webm: 4f35f7cbe854078d1ac9338744f61a02 -> 
  custom:container-demuxer-ogg: 62fdf1f143b41e24485cea50d1cbac27 -> 
  custom:video-encoder-webm-vp8: eb34c28f22e8b96e1ab97ce403110664 -> 
  custom:video-decoder-webm-vp8: 9c59270c3fd7afecdb556c50c9e8de78 -> 
  custom:audio-decoder-ogg-vorbis: bf7c407c2cedff20999df2af8eb42d56 -> 
  custom:audio-encoder-webm-vorbis: bf7c407c2cedff20999df2af8eb42d56 -> 
========================================================================
Received Import Request.
  Time since last request: 80.806537 seconds.
  path: Assets/Scripts/Obstacle/Obstacle.cs
  artifactKey: Guid(d3b9b8c20c196bc48afe7946e7129dde) Importer(815301076,1909f56bfc062723c751e8b465ee728b)
Start importing Assets/Scripts/Obstacle/Obstacle.cs using Guid(d3b9b8c20c196bc48afe7946e7129dde) Importer(815301076,1909f56bfc062723c751e8b465ee728b)  -> (artifact id: 'e9f05c79994ed9742e00d4265d60a209') in 0.006118 seconds 
========================================================================
Received Prepare
Registering precompiled user dll's ...
Registered in 0.002469 seconds.
Begin MonoManager ReloadAssembly
Native extension for WindowsStandalone target not found
Refreshing native plugins compatible for Editor in 0.31 ms, found 2 plugins.
Preloading 0 native plugins for Editor in 0.00 ms.
Mono: successfully reloaded assembly
- Completed reload, in  0.846 seconds
Domain Reload Profiling:
	ReloadAssembly (846ms)
		BeginReloadAssembly (103ms)
			ExecutionOrderSort (0ms)
			DisableScriptedObjects (4ms)
			BackupInstance (0ms)
			ReleaseScriptingObjects (0ms)
			CreateAndSetChildDomain (24ms)
		EndReloadAssembly (673ms)
			LoadAssemblies (90ms)
			RebuildTransferFunctionScriptingTraits (0ms)
			SetupTypeCache (237ms)
			ReleaseScriptCaches (1ms)
			RebuildScriptCaches (38ms)
			SetupLoadedEditorAssemblies (247ms)
				LogAssemblyErrors (0ms)
				InitializePlatformSupportModulesInManaged (4ms)
				SetLoadedEditorAssemblies (0ms)
				RefreshPlugins (0ms)
				BeforeProcessingInitializeOnLoad (65ms)
				ProcessInitializeOnLoadAttributes (158ms)
				ProcessInitializeOnLoadMethodAttributes (12ms)
				AfterProcessingInitializeOnLoad (8ms)
				EditorAssembliesLoaded (0ms)
			ExecutionOrderSort2 (0ms)
			AwakeInstancesAfterBackupRestoration (2ms)
Platform modules already initialized, skipping
Refreshing native plugins compatible for Editor in 0.35 ms, found 2 plugins.
Preloading 0 native plugins for Editor in 0.00 ms.
Unloading 1534 Unused Serialized files (Serialized files now loaded: 0)
System memory in use before: 75.3 MB.
System memory in use after: 75.3 MB.

Unloading 12 unused Assets to reduce memory usage. Loaded Objects now: 2058.
Total: 2.504800 ms (FindLiveObjects: 0.131900 ms CreateObjectMapping: 0.040800 ms MarkObjects: 2.280300 ms  DeleteObjects: 0.051100 ms)

AssetImportParameters requested are different than current active one (requested -> active):
  custom:framework-win-MediaFoundation: 216162199b28c13a410421893ffa2e32 -> 
  custom:video-decoder-ogg-theora: a1e56fd34408186e4bbccfd4996cb3dc -> 
  custom:container-muxer-webm: aa71ff27fc2769a1b78a27578f13a17b -> 
  custom:container-demuxer-webm: 4f35f7cbe854078d1ac9338744f61a02 -> 
  custom:container-demuxer-ogg: 62fdf1f143b41e24485cea50d1cbac27 -> 
  custom:video-encoder-webm-vp8: eb34c28f22e8b96e1ab97ce403110664 -> 
  custom:video-decoder-webm-vp8: 9c59270c3fd7afecdb556c50c9e8de78 -> 
  custom:audio-decoder-ogg-vorbis: bf7c407c2cedff20999df2af8eb42d56 -> 
  custom:audio-encoder-webm-vorbis: bf7c407c2cedff20999df2af8eb42d56 -> 
========================================================================
Received Import Request.
  Time since last request: 32.710848 seconds.
  path: Assets/Scripts/Player
  artifactKey: Guid(f8bb33a828ad29740ab6e13cb4a975e8) Importer(815301076,1909f56bfc062723c751e8b465ee728b)
Start importing Assets/Scripts/Player using Guid(f8bb33a828ad29740ab6e13cb4a975e8) Importer(815301076,1909f56bfc062723c751e8b465ee728b)  -> (artifact id: '34ef79791307566afd7118d10131fb92') in 0.006291 seconds 
========================================================================
Received Import Request.
  Time since last request: 0.661995 seconds.
  path: Assets/Scripts/Player/PlayerManager.cs
  artifactKey: Guid(29157878b05a7334ca7c30e471136811) Importer(815301076,1909f56bfc062723c751e8b465ee728b)
Start importing Assets/Scripts/Player/PlayerManager.cs using Guid(29157878b05a7334ca7c30e471136811) Importer(815301076,1909f56bfc062723c751e8b465ee728b)  -> (artifact id: '47f2d9944d9a299176e1e77bf1640456') in 0.004009 seconds 
========================================================================
Received Import Request.
  Time since last request: 44.568803 seconds.
  path: Assets/Scripts/UI
  artifactKey: Guid(4645c80bafbaca44aafb1a259cb377d8) Importer(815301076,1909f56bfc062723c751e8b465ee728b)
Start importing Assets/Scripts/UI using Guid(4645c80bafbaca44aafb1a259cb377d8) Importer(815301076,1909f56bfc062723c751e8b465ee728b)  -> (artifact id: '489e87265790e719d375b33808e876ac') in 0.004432 seconds 
========================================================================
Received Import Request.
  Time since last request: 0.810547 seconds.
  path: Assets/Scripts/UI/UIManager.cs
  artifactKey: Guid(35f1daca1136d3c4e8304d8c4aa9a318) Importer(815301076,1909f56bfc062723c751e8b465ee728b)
Start importing Assets/Scripts/UI/UIManager.cs using Guid(35f1daca1136d3c4e8304d8c4aa9a318) Importer(815301076,1909f56bfc062723c751e8b465ee728b)  -> (artifact id: 'ca7042c45bb2f08aeab8eda07a284968') in 0.006208 seconds 
========================================================================
Received Import Request.
  Time since last request: 26.669618 seconds.
  path: Assets/Scripts/UI/UIManager.cs
  artifactKey: Guid(35f1daca1136d3c4e8304d8c4aa9a318) Importer(815301076,1909f56bfc062723c751e8b465ee728b)
Start importing Assets/Scripts/UI/UIManager.cs using Guid(35f1daca1136d3c4e8304d8c4aa9a318) Importer(815301076,1909f56bfc062723c751e8b465ee728b)  -> (artifact id: 'a778b15065116ef5859547a742a6ad02') in 0.004394 seconds 
========================================================================
Received Prepare
Registering precompiled user dll's ...
Registered in 0.002549 seconds.
Begin MonoManager ReloadAssembly
Native extension for WindowsStandalone target not found
Refreshing native plugins compatible for Editor in 0.30 ms, found 2 plugins.
Preloading 0 native plugins for Editor in 0.00 ms.
Mono: successfully reloaded assembly
- Completed reload, in  0.808 seconds
Domain Reload Profiling:
	ReloadAssembly (808ms)
		BeginReloadAssembly (103ms)
			ExecutionOrderSort (0ms)
			DisableScriptedObjects (4ms)
			BackupInstance (0ms)
			ReleaseScriptingObjects (0ms)
			CreateAndSetChildDomain (25ms)
		EndReloadAssembly (650ms)
			LoadAssemblies (85ms)
			RebuildTransferFunctionScriptingTraits (0ms)
			SetupTypeCache (220ms)
			ReleaseScriptCaches (1ms)
			RebuildScriptCaches (35ms)
			SetupLoadedEditorAssemblies (251ms)
				LogAssemblyErrors (0ms)
				InitializePlatformSupportModulesInManaged (4ms)
				SetLoadedEditorAssemblies (0ms)
				RefreshPlugins (0ms)
				BeforeProcessingInitializeOnLoad (73ms)
				ProcessInitializeOnLoadAttributes (154ms)
				ProcessInitializeOnLoadMethodAttributes (11ms)
				AfterProcessingInitializeOnLoad (8ms)
				EditorAssembliesLoaded (0ms)
			ExecutionOrderSort2 (0ms)
			AwakeInstancesAfterBackupRestoration (2ms)
Platform modules already initialized, skipping
Refreshing native plugins compatible for Editor in 0.33 ms, found 2 plugins.
Preloading 0 native plugins for Editor in 0.00 ms.
Unloading 1534 Unused Serialized files (Serialized files now loaded: 0)
System memory in use before: 75.3 MB.
System memory in use after: 75.3 MB.

Unloading 12 unused Assets to reduce memory usage. Loaded Objects now: 2061.
Total: 2.526900 ms (FindLiveObjects: 0.131900 ms CreateObjectMapping: 0.040800 ms MarkObjects: 2.304900 ms  DeleteObjects: 0.048700 ms)

AssetImportParameters requested are different than current active one (requested -> active):
  custom:framework-win-MediaFoundation: 216162199b28c13a410421893ffa2e32 -> 
  custom:video-decoder-ogg-theora: a1e56fd34408186e4bbccfd4996cb3dc -> 
  custom:container-muxer-webm: aa71ff27fc2769a1b78a27578f13a17b -> 
  custom:container-demuxer-webm: 4f35f7cbe854078d1ac9338744f61a02 -> 
  custom:container-demuxer-ogg: 62fdf1f143b41e24485cea50d1cbac27 -> 
  custom:video-encoder-webm-vp8: eb34c28f22e8b96e1ab97ce403110664 -> 
  custom:video-decoder-webm-vp8: 9c59270c3fd7afecdb556c50c9e8de78 -> 
  custom:audio-decoder-ogg-vorbis: bf7c407c2cedff20999df2af8eb42d56 -> 
  custom:audio-encoder-webm-vorbis: bf7c407c2cedff20999df2af8eb42d56 -> 
========================================================================
Received Import Request.
  Time since last request: 15.309410 seconds.
  path: Assets/Scripts/GameManager.cs
  artifactKey: Guid(37955644c96407e42ac56e8a5844a5ea) Importer(815301076,1909f56bfc062723c751e8b465ee728b)
Start importing Assets/Scripts/GameManager.cs using Guid(37955644c96407e42ac56e8a5844a5ea) Importer(815301076,1909f56bfc062723c751e8b465ee728b)  -> (artifact id: '69428e3d11cef4673592b173263fa46e') in 0.007995 seconds 
========================================================================
Received Import Request.
  Time since last request: 1.036384 seconds.
  path: Assets/Scripts/LevelEditor.cs
  artifactKey: Guid(8351e836bb394fe4697c3365c02d78e7) Importer(815301076,1909f56bfc062723c751e8b465ee728b)
Start importing Assets/Scripts/LevelEditor.cs using Guid(8351e836bb394fe4697c3365c02d78e7) Importer(815301076,1909f56bfc062723c751e8b465ee728b)  -> (artifact id: '74ebe9ddff7540ea641199a243bc69e7') in 0.004120 seconds 
========================================================================
Received Prepare
Registering precompiled user dll's ...
Registered in 0.002713 seconds.
Begin MonoManager ReloadAssembly
Native extension for WindowsStandalone target not found
Refreshing native plugins compatible for Editor in 0.30 ms, found 2 plugins.
Preloading 0 native plugins for Editor in 0.00 ms.
Mono: successfully reloaded assembly
- Completed reload, in  0.799 seconds
Domain Reload Profiling:
	ReloadAssembly (799ms)
		BeginReloadAssembly (102ms)
			ExecutionOrderSort (0ms)
			DisableScriptedObjects (4ms)
			BackupInstance (0ms)
			ReleaseScriptingObjects (0ms)
			CreateAndSetChildDomain (24ms)
		EndReloadAssembly (644ms)
			LoadAssemblies (88ms)
			RebuildTransferFunctionScriptingTraits (0ms)
			SetupTypeCache (214ms)
			ReleaseScriptCaches (1ms)
			RebuildScriptCaches (34ms)
			SetupLoadedEditorAssemblies (246ms)
				LogAssemblyErrors (0ms)
				InitializePlatformSupportModulesInManaged (4ms)
				SetLoadedEditorAssemblies (0ms)
				RefreshPlugins (0ms)
				BeforeProcessingInitializeOnLoad (65ms)
				ProcessInitializeOnLoadAttributes (156ms)
				ProcessInitializeOnLoadMethodAttributes (12ms)
				AfterProcessingInitializeOnLoad (8ms)
				EditorAssembliesLoaded (0ms)
			ExecutionOrderSort2 (0ms)
			AwakeInstancesAfterBackupRestoration (2ms)
Platform modules already initialized, skipping
Refreshing native plugins compatible for Editor in 0.31 ms, found 2 plugins.
Preloading 0 native plugins for Editor in 0.00 ms.
Unloading 1534 Unused Serialized files (Serialized files now loaded: 0)
System memory in use before: 75.3 MB.
System memory in use after: 75.4 MB.

Unloading 12 unused Assets to reduce memory usage. Loaded Objects now: 2064.
Total: 2.614800 ms (FindLiveObjects: 0.138400 ms CreateObjectMapping: 0.042800 ms MarkObjects: 2.351800 ms  DeleteObjects: 0.081000 ms)

AssetImportParameters requested are different than current active one (requested -> active):
  custom:framework-win-MediaFoundation: 216162199b28c13a410421893ffa2e32 -> 
  custom:video-decoder-ogg-theora: a1e56fd34408186e4bbccfd4996cb3dc -> 
  custom:container-muxer-webm: aa71ff27fc2769a1b78a27578f13a17b -> 
  custom:container-demuxer-webm: 4f35f7cbe854078d1ac9338744f61a02 -> 
  custom:container-demuxer-ogg: 62fdf1f143b41e24485cea50d1cbac27 -> 
  custom:video-encoder-webm-vp8: eb34c28f22e8b96e1ab97ce403110664 -> 
  custom:video-decoder-webm-vp8: 9c59270c3fd7afecdb556c50c9e8de78 -> 
  custom:audio-decoder-ogg-vorbis: bf7c407c2cedff20999df2af8eb42d56 -> 
  custom:audio-encoder-webm-vorbis: bf7c407c2cedff20999df2af8eb42d56 -> 
========================================================================
Received Prepare
Registering precompiled user dll's ...
Registered in 0.002938 seconds.
Begin MonoManager ReloadAssembly
Native extension for WindowsStandalone target not found
Refreshing native plugins compatible for Editor in 0.42 ms, found 2 plugins.
Preloading 0 native plugins for Editor in 0.00 ms.
Mono: successfully reloaded assembly
- Completed reload, in  0.874 seconds
Domain Reload Profiling:
	ReloadAssembly (875ms)
		BeginReloadAssembly (106ms)
			ExecutionOrderSort (0ms)
			DisableScriptedObjects (4ms)
			BackupInstance (0ms)
			ReleaseScriptingObjects (0ms)
			CreateAndSetChildDomain (26ms)
		EndReloadAssembly (708ms)
			LoadAssemblies (89ms)
			RebuildTransferFunctionScriptingTraits (0ms)
			SetupTypeCache (247ms)
			ReleaseScriptCaches (1ms)
			RebuildScriptCaches (34ms)
			SetupLoadedEditorAssemblies (273ms)
				LogAssemblyErrors (0ms)
				InitializePlatformSupportModulesInManaged (4ms)
				SetLoadedEditorAssemblies (0ms)
				RefreshPlugins (0ms)
				BeforeProcessingInitializeOnLoad (69ms)
				ProcessInitializeOnLoadAttributes (176ms)
				ProcessInitializeOnLoadMethodAttributes (15ms)
				AfterProcessingInitializeOnLoad (8ms)
				EditorAssembliesLoaded (0ms)
			ExecutionOrderSort2 (0ms)
			AwakeInstancesAfterBackupRestoration (2ms)
Platform modules already initialized, skipping
Refreshing native plugins compatible for Editor in 0.39 ms, found 2 plugins.
Preloading 0 native plugins for Editor in 0.00 ms.
Unloading 1534 Unused Serialized files (Serialized files now loaded: 0)
System memory in use before: 75.3 MB.
System memory in use after: 75.4 MB.

Unloading 12 unused Assets to reduce memory usage. Loaded Objects now: 2067.
Total: 2.477300 ms (FindLiveObjects: 0.196900 ms CreateObjectMapping: 0.062400 ms MarkObjects: 2.163100 ms  DeleteObjects: 0.054000 ms)

AssetImportParameters requested are different than current active one (requested -> active):
  custom:framework-win-MediaFoundation: 216162199b28c13a410421893ffa2e32 -> 
  custom:video-decoder-ogg-theora: a1e56fd34408186e4bbccfd4996cb3dc -> 
  custom:container-muxer-webm: aa71ff27fc2769a1b78a27578f13a17b -> 
  custom:container-demuxer-webm: 4f35f7cbe854078d1ac9338744f61a02 -> 
  custom:container-demuxer-ogg: 62fdf1f143b41e24485cea50d1cbac27 -> 
  custom:video-encoder-webm-vp8: eb34c28f22e8b96e1ab97ce403110664 -> 
  custom:video-decoder-webm-vp8: 9c59270c3fd7afecdb556c50c9e8de78 -> 
  custom:audio-decoder-ogg-vorbis: bf7c407c2cedff20999df2af8eb42d56 -> 
  custom:audio-encoder-webm-vorbis: bf7c407c2cedff20999df2af8eb42d56 -> 
AssetImportWorkerClient::OnTransportError - code=2 error=End of file
